This is XeTeX, Version 3.1415926-2.5-0.9999.3 (TeX Live 2013/Debian) (format=xelatex 2016.10.14)  18 MAR 2017 11:11
entering extended mode
 restricted \write18 enabled.
 %&-line parsing enabled.
**firstPage.tex
(./firstPage.tex
LaTeX2e <2011/06/27>
Babel <3.9h> and hyphenation patterns for 78 languages loaded.

! LaTeX Error: Missing \begin{document}.

See the LaTeX manual or LaTeX Companion for explanation.
Type  H <return>  for immediate help.
 ...                                              
                                                  
l.11 \begin{center}
                   
You're in trouble here.  Try typing  <return>  to proceed.
If that doesn't work, type  X <return>  to quit.


Overfull \hbox (20.0pt too wide) in paragraph at lines 11--11
[] 
 []

! Undefined control sequence.
l.12 \large
           {درس سمینار رشته هوش مصنوعی}
The control sequence at the end of the top line
of your error message was never \def'ed. If you have
misspelled it (e.g., `\hobx'), type `I' and the correct
spelling (e.g., `I\hbox'). Otherwise just continue,
and I'll forget about whatever was undefined.

Missing character: There is no د in font nullfont!
Missing character: There is no ر in font nullfont!
Missing character: There is no س in font nullfont!
Missing character: There is no س in font nullfont!
Missing character: There is no م in font nullfont!
Missing character: There is no ی in font nullfont!
Missing character: There is no ن in font nullfont!
Missing character: There is no ا in font nullfont!
Missing character: There is no ر in font nullfont!
Missing character: There is no ر in font nullfont!
Missing character: There is no ش in font nullfont!
Missing character: There is no ت in font nullfont!
Missing character: There is no ه in font nullfont!
Missing character: There is no ه in font nullfont!
Missing character: There is no و in font nullfont!
Missing character: There is no ش in font nullfont!
Missing character: There is no م in font nullfont!
Missing character: There is no ص in font nullfont!
Missing character: There is no ن in font nullfont!
Missing character: There is no و in font nullfont!
Missing character: There is no ع in font nullfont!
Missing character: There is no ی in font nullfont!

Overfull \hbox (20.0pt too wide) in paragraph at lines 16--16
[] 
 []

! Undefined control sequence.
l.18 \LARGE
           {\textbf{
The control sequence at the end of the top line
of your error message was never \def'ed. If you have
misspelled it (e.g., `\hobx'), type `I' and the correct
spelling (e.g., `I\hbox'). Otherwise just continue,
and I'll forget about whatever was undefined.

Missing character: There is no ت in font cmbx10!
Missing character: There is no و in font cmbx10!
Missing character: There is no ل in font cmbx10!
Missing character: There is no ی in font cmbx10!
Missing character: There is no د in font cmbx10!
Missing character: There is no خ in font cmbx10!
Missing character: There is no و in font cmbx10!
Missing character: There is no د in font cmbx10!
Missing character: There is no ک in font cmbx10!
Missing character: There is no ا in font cmbx10!
Missing character: There is no ر in font cmbx10!
Missing character: There is no ش in font cmbx10!
Missing character: There is no ر in font cmbx10!
Missing character: There is no ح in font cmbx10!
Missing character: There is no ب in font cmbx10!
Missing character: There is no ر in font cmbx10!
Missing character: There is no ت in font cmbx10!
Missing character: There is no ص in font cmbx10!
Missing character: There is no ا in font cmbx10!
Missing character: There is no و in font cmbx10!
Missing character: There is no ی in font cmbx10!
Missing character: There is no ر in font cmbx10!
Missing character: There is no ب in font cmbx10!
Missing character: There is no ا in font cmbx10!
Missing character: There is no ا in font cmbx10!
Missing character: There is no س in font cmbx10!
Missing character: There is no ت in font cmbx10!
Missing character: There is no ف in font cmbx10!
Missing character: There is no ا in font cmbx10!
Missing character: There is no د in font cmbx10!
Missing character: There is no ه in font cmbx10!
Missing character: There is no ا in font cmbx10!
Missing character: There is no ز in font cmbx10!
Missing character: There is no ش in font cmbx10!
Missing character: There is no ب in font cmbx10!
Missing character: There is no ک in font cmbx10!
Missing character: There is no ه in font cmbx10!
Missing character: There is no ‌ in font cmbx10!
Missing character: There is no ه in font cmbx10!
Missing character: There is no ا in font cmbx10!
Missing character: There is no ی in font cmbx10!
Missing character: There is no ع in font cmbx10!
Missing character: There is no ص in font cmbx10!
Missing character: There is no ب in font cmbx10!
Missing character: There is no ی in font cmbx10!
Missing character: There is no ک in font cmbx10!
Missing character: There is no ا in font cmbx10!
Missing character: There is no ن in font cmbx10!
Missing character: There is no و in font cmbx10!
Missing character: There is no ل in font cmbx10!
Missing character: There is no و in font cmbx10!
Missing character: There is no ش in font cmbx10!
Missing character: There is no ن in font cmbx10!
Missing character: There is no ی in font cmbx10!
Missing character: There is no ع in font cmbx10!
Missing character: There is no م in font cmbx10!
Missing character: There is no ی in font cmbx10!
Missing character: There is no ق in font cmbx10!
Missing character: There is no و in font cmbx10!
Missing character: There is no ب in font cmbx10!
Missing character: There is no ا in font cmbx10!
Missing character: There is no ز in font cmbx10!
Missing character: There is no گ in font cmbx10!
Missing character: There is no ش in font cmbx10!
Missing character: There is no ت in font cmbx10!
Missing character: There is no ی in font cmbx10!
! Undefined control sequence.
l.23 \small
           {
The control sequence at the end of the top line
of your error message was never \def'ed. If you have
misspelled it (e.g., `\hobx'), type `I' and the correct
spelling (e.g., `I\hbox'). Otherwise just continue,
and I'll forget about whatever was undefined.

! Undefined control sequence.
l.24 \lr
        {
The control sequence at the end of the top line
of your error message was never \def'ed. If you have
misspelled it (e.g., `\hobx'), type `I' and the correct
spelling (e.g., `I\hbox'). Otherwise just continue,
and I'll forget about whatever was undefined.

Missing character: There is no A in font nullfont!
Missing character: There is no u in font nullfont!
Missing character: There is no t in font nullfont!
Missing character: There is no o in font nullfont!
Missing character: There is no m in font nullfont!
Missing character: There is no a in font nullfont!
Missing character: There is no t in font nullfont!
Missing character: There is no i in font nullfont!
Missing character: There is no c in font nullfont!
Missing character: There is no I in font nullfont!
Missing character: There is no m in font nullfont!
Missing character: There is no a in font nullfont!
Missing character: There is no g in font nullfont!
Missing character: There is no e in font nullfont!
Missing character: There is no C in font nullfont!
Missing character: There is no a in font nullfont!
Missing character: There is no p in font nullfont!
Missing character: There is no t in font nullfont!
Missing character: There is no i in font nullfont!
Missing character: There is no o in font nullfont!
Missing character: There is no n in font nullfont!
Missing character: There is no i in font nullfont!
Missing character: There is no n in font nullfont!
Missing character: There is no g in font nullfont!
Missing character: There is no U in font nullfont!
Missing character: There is no s in font nullfont!
Missing character: There is no i in font nullfont!
Missing character: There is no n in font nullfont!
Missing character: There is no g in font nullfont!
Missing character: There is no D in font nullfont!
Missing character: There is no e in font nullfont!
Missing character: There is no e in font nullfont!
Missing character: There is no p in font nullfont!
Missing character: There is no C in font nullfont!
Missing character: There is no o in font nullfont!
Missing character: There is no n in font nullfont!
Missing character: There is no v in font nullfont!
Missing character: There is no o in font nullfont!
Missing character: There is no l in font nullfont!
Missing character: There is no u in font nullfont!
Missing character: There is no t in font nullfont!
Missing character: There is no i in font nullfont!
Missing character: There is no o in font nullfont!
Missing character: There is no n in font nullfont!
Missing character: There is no a in font nullfont!
Missing character: There is no l in font nullfont!
Missing character: There is no a in font nullfont!
Missing character: There is no n in font nullfont!
Missing character: There is no d in font nullfont!
Missing character: There is no R in font nullfont!
Missing character: There is no e in font nullfont!
Missing character: There is no c in font nullfont!
Missing character: There is no u in font nullfont!
Missing character: There is no r in font nullfont!
Missing character: There is no r in font nullfont!
Missing character: There is no e in font nullfont!
Missing character: There is no n in font nullfont!
Missing character: There is no t in font nullfont!
Missing character: There is no N in font nullfont!
Missing character: There is no e in font nullfont!
Missing character: There is no u in font nullfont!
Missing character: There is no r in font nullfont!
Missing character: There is no a in font nullfont!
Missing character: There is no l in font nullfont!
Missing character: There is no N in font nullfont!
Missing character: There is no e in font nullfont!
Missing character: There is no t in font nullfont!
Missing character: There is no w in font nullfont!
Missing character: There is no o in font nullfont!
Missing character: There is no r in font nullfont!
Missing character: There is no k in font nullfont!
Missing character: There is no s in font nullfont!
! Undefined control sequence.
l.29 \Large
           {
The control sequence at the end of the top line
of your error message was never \def'ed. If you have
misspelled it (e.g., `\hobx'), type `I' and the correct
spelling (e.g., `I\hbox'). Otherwise just continue,
and I'll forget about whatever was undefined.

Missing character: There is no ا in font cmbx10!
Missing character: There is no س in font cmbx10!
Missing character: There is no ت in font cmbx10!
Missing character: There is no ا in font cmbx10!
Missing character: There is no د in font cmbx10!
Missing character: There is no ر in font cmbx10!
Missing character: There is no ا in font cmbx10!
Missing character: There is no ه in font cmbx10!
Missing character: There is no ن in font cmbx10!
Missing character: There is no م in font cmbx10!
Missing character: There is no ا in font cmbx10!
! Undefined control sequence.
l.34 \large
           {
The control sequence at the end of the top line
of your error message was never \def'ed. If you have
misspelled it (e.g., `\hobx'), type `I' and the correct
spelling (e.g., `I\hbox'). Otherwise just continue,
and I'll forget about whatever was undefined.

Missing character: There is no د in font nullfont!
Missing character: There is no ک in font nullfont!
Missing character: There is no ت in font nullfont!
Missing character: There is no ر in font nullfont!
Missing character: There is no ص in font nullfont!
Missing character: There is no ف in font nullfont!
Missing character: There is no ا in font nullfont!
Missing character: There is no ب in font nullfont!
Missing character: There is no خ in font nullfont!
Missing character: There is no ش in font nullfont!
! Undefined control sequence.
l.39 \Large
           {
The control sequence at the end of the top line
of your error message was never \def'ed. If you have
misspelled it (e.g., `\hobx'), type `I' and the correct
spelling (e.g., `I\hbox'). Otherwise just continue,
and I'll forget about whatever was undefined.

Missing character: There is no پ in font cmbx10!
Missing character: There is no ژ in font cmbx10!
Missing character: There is no و in font cmbx10!
Missing character: There is no ه in font cmbx10!
Missing character: There is no ش in font cmbx10!
Missing character: There is no ‌ in font cmbx10!
Missing character: There is no گ in font cmbx10!
Missing character: There is no ر in font cmbx10!
! Undefined control sequence.
l.43 \large
           {
The control sequence at the end of the top line
of your error message was never \def'ed. If you have
misspelled it (e.g., `\hobx'), type `I' and the correct
spelling (e.g., `I\hbox'). Otherwise just continue,
and I'll forget about whatever was undefined.

Missing character: There is no ا in font nullfont!
Missing character: There is no ح in font nullfont!
Missing character: There is no م in font nullfont!
Missing character: There is no د in font nullfont!
Missing character: There is no ا in font nullfont!
Missing character: There is no س in font nullfont!
Missing character: There is no د in font nullfont!
Missing character: There is no ی in font nullfont!
Missing character: There is no ۹ in font nullfont!
Missing character: There is no ۴ in font nullfont!
Missing character: There is no ۱ in font nullfont!
Missing character: There is no ۳ in font nullfont!
Missing character: There is no ۱ in font nullfont!
Missing character: There is no ۰ in font nullfont!
Missing character: There is no ۹ in font nullfont!
Missing character: There is no ۱ in font nullfont!

Overfull \hbox (20.0pt too wide) in paragraph at lines 50--50
[] 
 []

Missing character: There is no ا in font nullfont!
Missing character: There is no ر in font nullfont!
Missing character: There is no د in font nullfont!
Missing character: There is no ی in font nullfont!
Missing character: There is no ب in font nullfont!
Missing character: There is no ه in font nullfont!
Missing character: There is no ش in font nullfont!
Missing character: There is no ت in font nullfont!
Missing character: There is no ‌ in font nullfont!
Missing character: There is no م in font nullfont!
Missing character: There is no ا in font nullfont!
Missing character: There is no ه in font nullfont!
Missing character: There is no ۱ in font nullfont!
Missing character: There is no ۳ in font nullfont!
Missing character: There is no ۹ in font nullfont!
Missing character: There is no ۵ in font nullfont!
)
! Emergency stop.
<*> firstPage.tex
                 
*** (job aborted, no legal \end found)

 
Here is how much of TeX's memory you used:
 7 strings out of 493918
 75 string characters out of 6150562
 53172 words of memory out of 5000000
 3430 multiletter control sequences out of 15000+600000
 3948 words of font info for 15 fonts, out of 8000000 for 9000
 1144 hyphenation exceptions out of 8191
 13i,1n,10p,97b,116s stack positions out of 5000i,500n,10000p,200000b,80000s
No pages of output.
