\BOOKMARK [1][-]{section.1}{فصل اول مقدمات}{}% 1
\BOOKMARK [2][-]{subsection.1.1}{مقدمه}{section.1}% 2
\BOOKMARK [2][-]{subsection.1.2}{تعریف مساله}{section.1}% 3
\BOOKMARK [2][-]{subsection.1.3}{درک صحنه}{section.1}% 4
\BOOKMARK [3][-]{subsubsection.1.3.1}{پژوهش‌های انجام‌شده در زمینه درک صحنه توسط مغز انسان}{subsection.1.3}% 5
\BOOKMARK [3][-]{subsubsection.1.3.2}{نتایج به‌دست‌ آمده از آزمایشات}{subsection.1.3}% 6
\BOOKMARK [2][-]{subsection.1.4}{جمع‌بندی}{section.1}% 7
\BOOKMARK [1][-]{section.2}{فصل دوم درک صحنه}{}% 8
\BOOKMARK [2][-]{subsection.2.1}{درک صحنه}{section.2}% 9
\BOOKMARK [2][-]{subsection.2.2}{روش‌های مختلف موجود}{section.2}% 10
\BOOKMARK [2][-]{subsection.2.3}{روش‌های مبتنی بر مدل‌های گرافی احتمالی}{section.2}% 11
\BOOKMARK [3][-]{subsubsection.2.3.1}{استفاده از مدل میدان تصادفی مارکف}{subsection.2.3}% 12
\BOOKMARK [3][-]{subsubsection.2.3.2}{استفاده از مدل میدان تصادفی شرطی}{subsection.2.3}% 13
\BOOKMARK [3][-]{subsubsection.2.3.3}{استفاده از سایر مدل‌های گرافی احتمالی}{subsection.2.3}% 14
\BOOKMARK [2][-]{subsection.2.4}{روش‌های مبتنی بر شبکه‌های عصبی کانولوشنی عمیق}{section.2}% 15
\BOOKMARK [3][-]{subsubsection.2.4.1}{اختصاص معنا به قطعه‌های مختلف تصویر}{subsection.2.4}% 16
\BOOKMARK [3][-]{subsubsection.2.4.2}{ناحیه‌بندی عمیق تصاویر به منظور نگاشت دوطرفه جملات و تصاویر}{subsection.2.4}% 17
\BOOKMARK [2][-]{subsection.2.5}{جمع‌بندی}{section.2}% 18
\BOOKMARK [1][-]{section.3}{فصل سوم تولید جمله}{}% 19
\BOOKMARK [2][-]{subsection.3.1}{تولید جمله}{section.3}% 20
\BOOKMARK [2][-]{subsection.3.2}{کاربردها}{section.3}% 21
\BOOKMARK [2][-]{subsection.3.3}{روش‌ تولید زبان طبیعی}{section.3}% 22
\BOOKMARK [2][-]{subsection.3.4}{روش نزدیک‌ترین همسایه}{section.3}% 23
\BOOKMARK [2][-]{subsection.3.5}{استفاده از قالب‌های آماده زبانی}{section.3}% 24
\BOOKMARK [2][-]{subsection.3.6}{روش‌های مبتنی بر شبکه‌های عصبی بازگشتی}{section.3}% 25
\BOOKMARK [3][-]{subsubsection.3.6.1}{شبکه عصبی بازگشتی ضربی}{subsection.3.6}% 26
\BOOKMARK [3][-]{subsubsection.3.6.2}{تولید جمله با مفهوم مشخص}{subsection.3.6}% 27
\BOOKMARK [2][-]{subsection.3.7}{جمع‌بندی}{section.3}% 28
\BOOKMARK [1][-]{section.4}{فصل چهارم تولید شرح متناظر صحنه با استفاده از یادگیری عمیق}{}% 29
\BOOKMARK [2][-]{subsection.4.1}{تولید شرح بر تصاویر با استفاده از یادگیری عمیق}{section.4}% 30
\BOOKMARK [1][-]{section.5}{فصل پنجم تولید شرح متناظر صحنه با استفاده از روش‌های مبتنی بر نقطه توجه}{}% 31
\BOOKMARK [2][-]{subsection.5.1}{تولید شرح بر تصاویر با استفاده از روش‌های مبتنی بر نقطه توجه}{section.5}% 32
\BOOKMARK [2][-]{subsection.5.2}{روش‌های مبتنی بر نقطه توجه در حوزه ترجمه ماشینی}{section.5}% 33
\BOOKMARK [3][-]{subsubsection.5.2.1}{انکودر}{subsection.5.2}% 34
\BOOKMARK [3][-]{subsubsection.5.2.2}{دیکودر}{subsection.5.2}% 35
\BOOKMARK [3][-]{subsubsection.5.2.3}{ایده اصلی استفاده از نقطه توجه}{subsection.5.2}% 36
\BOOKMARK [3][-]{subsubsection.5.2.4}{دیکودر در روش مبتنی بر نقطه توجه}{subsection.5.2}% 37
\BOOKMARK [3][-]{subsubsection.5.2.5}{انکودر در روش مبتنی بر نقطه توجه}{subsection.5.2}% 38
\BOOKMARK [1][-]{section.6}{فصل ششم تولید شرح متناظر صحنه با استفاده از روش‌های مبتنی بر حافظه فعال}{}% 39
\BOOKMARK [2][-]{subsection.6.1}{تولید جمله}{section.6}% 40
\BOOKMARK [1][-]{section.7}{فصل هفتم جمع‌بندی و نتیجه‌گیری}{}% 41
\BOOKMARK [2][-]{subsection.7.1}{جمع‌بندی و نتیجه‌گیری}{section.7}% 42
